  glew.c
  RtMidi.cpp
  IKTrajectoryHelper.cpp
  PhysicsClient.cpp
  PhysicsClientSharedMemory.cpp
  PhysicsClientExample.cpp
  PhysicsServerExample.cpp
  PhysicsServerSharedMemory.cpp
  PhysicsServer.cpp
  PhysicsClientC_API.cpp
  PosixSharedMemory.cpp
  Win32SharedMemory.cpp
  InProcessMemory.cpp
  PhysicsDirect.cpp
  PhysicsDirectC_API.cpp
  PhysicsLoopBack.cpp
  PhysicsLoopBackC_API.cpp
  PhysicsClientSharedMemory_C_API.cpp
  PhysicsClientSharedMemory2_C_API.cpp
  PhysicsClientSharedMemory2.cpp
  SharedMemoryCommandProcessor.cpp
  PhysicsServerCommandProcessor.cpp
  TinyRendererVisualShapeConverter.cpp
  geometry.cpp
  model.cpp
  tgaimage.cpp
  our_gl.cpp
  TinyRenderer.cpp
  SimpleCamera.cpp
  MyMultiBodyCreator.cpp
  BulletUrdfImporter.cpp
  UrdfParser.cpp
  urdfStringSplit.cpp
  URDF2Bullet.cpp
  BulletMJCFImporter.cpp
  b3ResourcePath.cpp
  b3Clock.cpp
  RobotLoggingUtil.cpp
  ChromeTraceUtil.cpp
  btBulletWorldImporter.cpp
  btWorldImporter.cpp
  bChunk.cpp
  bDNA.cpp
  bFile.cpp
  btBulletFile.cpp
  Wavefront2GLInstanceGraphicsShape.cpp
  LoadMeshFromObj.cpp
  LoadMeshFromCollada.cpp
  tiny_obj_loader.cpp
..\..\examples\ThirdPartyLibs\Wavefront\tiny_obj_loader.cpp(391): warning C4996: 'sscanf': This function or variable may be unsafe. Consider using sscanf_s instead. To disable deprecation, use _CRT_SECURE_NO_WARNINGS. See online help for details.
  C:\Program Files (x86)\Windows Kits\10\Include\10.0.15063.0\ucrt\stdio.h(2260): note: see declaration of 'sscanf'
..\..\examples\ThirdPartyLibs\Wavefront\tiny_obj_loader.cpp(627): warning C4996: 'sscanf': This function or variable may be unsafe. Consider using sscanf_s instead. To disable deprecation, use _CRT_SECURE_NO_WARNINGS. See online help for details.
  C:\Program Files (x86)\Windows Kits\10\Include\10.0.15063.0\ucrt\stdio.h(2260): note: see declaration of 'sscanf'
..\..\examples\ThirdPartyLibs\Wavefront\tiny_obj_loader.cpp(643): warning C4996: 'sscanf': This function or variable may be unsafe. Consider using sscanf_s instead. To disable deprecation, use _CRT_SECURE_NO_WARNINGS. See online help for details.
  C:\Program Files (x86)\Windows Kits\10\Include\10.0.15063.0\ucrt\stdio.h(2260): note: see declaration of 'sscanf'
..\..\examples\ThirdPartyLibs\Wavefront\tiny_obj_loader.cpp(699): warning C4996: 'sscanf': This function or variable may be unsafe. Consider using sscanf_s instead. To disable deprecation, use _CRT_SECURE_NO_WARNINGS. See online help for details.
  C:\Program Files (x86)\Windows Kits\10\Include\10.0.15063.0\ucrt\stdio.h(2260): note: see declaration of 'sscanf'
  tinystr.cpp
  tinyxml.cpp
  tinyxmlerror.cpp
  tinyxmlparser.cpp
  b3ImportMeshUtility.cpp
  stb_image.cpp
..\..\examples\ThirdPartyLibs\stb_image\stb_image.cpp(222): warning C4312: 'type cast': conversion from 'int' to 'unsigned char *' of greater size
..\..\examples\ThirdPartyLibs\stb_image\stb_image.cpp(230): warning C4312: 'type cast': conversion from 'int' to 'unsigned char *' of greater size
..\..\examples\ThirdPartyLibs\stb_image\stb_image.cpp(228): warning C4996: 'fopen': This function or variable may be unsafe. Consider using fopen_s instead. To disable deprecation, use _CRT_SECURE_NO_WARNINGS. See online help for details.
  C:\Program Files (x86)\Windows Kits\10\Include\10.0.15063.0\ucrt\stdio.h(207): note: see declaration of 'fopen'
..\..\examples\ThirdPartyLibs\stb_image\stb_image.cpp(270): warning C4312: 'type cast': conversion from 'int' to 'float *' of greater size
..\..\examples\ThirdPartyLibs\stb_image\stb_image.cpp(292): warning C4312: 'type cast': conversion from 'int' to 'float *' of greater size
..\..\examples\ThirdPartyLibs\stb_image\stb_image.cpp(290): warning C4996: 'fopen': This function or variable may be unsafe. Consider using fopen_s instead. To disable deprecation, use _CRT_SECURE_NO_WARNINGS. See online help for details.
  C:\Program Files (x86)\Windows Kits\10\Include\10.0.15063.0\ucrt\stdio.h(207): note: see declaration of 'fopen'
..\..\examples\ThirdPartyLibs\stb_image\stb_image.cpp(328): warning C4996: 'fopen': This function or variable may be unsafe. Consider using fopen_s instead. To disable deprecation, use _CRT_SECURE_NO_WARNINGS. See online help for details.
  C:\Program Files (x86)\Windows Kits\10\Include\10.0.15063.0\ucrt\stdio.h(207): note: see declaration of 'fopen'
..\..\examples\ThirdPartyLibs\stb_image\stb_image.cpp(514): warning C4312: 'type cast': conversion from 'int' to 'unsigned char *' of greater size
..\..\examples\ThirdPartyLibs\stb_image\stb_image.cpp(552): warning C4312: 'type cast': conversion from 'int' to 'float *' of greater size
..\..\examples\ThirdPartyLibs\stb_image\stb_image.cpp(570): warning C4312: 'type cast': conversion from 'int' to 'unsigned char *' of greater size
..\..\examples\ThirdPartyLibs\stb_image\stb_image.cpp(1480): warning C4312: 'type cast': conversion from 'int' to 'unsigned char *' of greater size
..\..\examples\ThirdPartyLibs\stb_image\stb_image.cpp(1509): warning C4312: 'type cast': conversion from 'int' to 'unsigned char *' of greater size
..\..\examples\ThirdPartyLibs\stb_image\stb_image.cpp(1527): warning C4312: 'type cast': conversion from 'int' to 'unsigned char *' of greater size
..\..\examples\ThirdPartyLibs\stb_image\stb_image.cpp(2501): warning C4312: 'type cast': conversion from 'int' to 'unsigned char *' of greater size
..\..\examples\ThirdPartyLibs\stb_image\stb_image.cpp(2626): warning C4312: 'type cast': conversion from 'int' to 'unsigned char *' of greater size
..\..\examples\ThirdPartyLibs\stb_image\stb_image.cpp(2632): warning C4312: 'type cast': conversion from 'int' to 'unsigned char *' of greater size
..\..\examples\ThirdPartyLibs\stb_image\stb_image.cpp(2640): warning C4312: 'type cast': conversion from 'int' to 'unsigned char *' of greater size
..\..\examples\ThirdPartyLibs\stb_image\stb_image.cpp(2642): warning C4312: 'type cast': conversion from 'int' to 'unsigned char *' of greater size
..\..\examples\ThirdPartyLibs\stb_image\stb_image.cpp(2650): warning C4312: 'type cast': conversion from 'int' to 'unsigned char *' of greater size
..\..\examples\ThirdPartyLibs\stb_image\stb_image.cpp(2684): warning C4312: 'type cast': conversion from 'int' to 'unsigned char *' of greater size
..\..\examples\ThirdPartyLibs\stb_image\stb_image.cpp(2687): warning C4312: 'type cast': conversion from 'int' to 'unsigned char *' of greater size
..\..\examples\ThirdPartyLibs\stb_image\stb_image.cpp(2708): warning C4312: 'type cast': conversion from 'int' to 'unsigned char *' of greater size
..\..\examples\ThirdPartyLibs\stb_image\stb_image.cpp(2711): warning C4312: 'type cast': conversion from 'int' to 'unsigned char *' of greater size
..\..\examples\ThirdPartyLibs\stb_image\stb_image.cpp(2722): warning C4312: 'type cast': conversion from 'int' to 'unsigned char *' of greater size
..\..\examples\ThirdPartyLibs\stb_image\stb_image.cpp(2760): warning C4312: 'type cast': conversion from 'int' to 'unsigned char *' of greater size
..\..\examples\ThirdPartyLibs\stb_image\stb_image.cpp(2958): warning C4312: 'type cast': conversion from 'int' to 'unsigned char *' of greater size
..\..\examples\ThirdPartyLibs\stb_image\stb_image.cpp(2969): warning C4312: 'type cast': conversion from 'int' to 'unsigned char *' of greater size
..\..\examples\ThirdPartyLibs\stb_image\stb_image.cpp(2973): warning C4312: 'type cast': conversion from 'int' to 'unsigned char *' of greater size
..\..\examples\ThirdPartyLibs\stb_image\stb_image.cpp(3150): warning C4312: 'type cast': conversion from 'int' to 'unsigned char *' of greater size
..\..\examples\ThirdPartyLibs\stb_image\stb_image.cpp(3154): warning C4312: 'type cast': conversion from 'int' to 'unsigned char *' of greater size
..\..\examples\ThirdPartyLibs\stb_image\stb_image.cpp(3162): warning C4312: 'type cast': conversion from 'int' to 'unsigned char *' of greater size
..\..\examples\ThirdPartyLibs\stb_image\stb_image.cpp(3170): warning C4312: 'type cast': conversion from 'int' to 'unsigned char *' of greater size
..\..\examples\ThirdPartyLibs\stb_image\stb_image.cpp(3183): warning C4312: 'type cast': conversion from 'int' to 'unsigned char *' of greater size
..\..\examples\ThirdPartyLibs\stb_image\stb_image.cpp(3200): warning C4312: 'type cast': conversion from 'int' to 'unsigned char *' of greater size
..\..\examples\ThirdPartyLibs\stb_image\stb_image.cpp(3204): warning C4312: 'type cast': conversion from 'int' to 'unsigned char *' of greater size
..\..\examples\ThirdPartyLibs\stb_image\stb_image.cpp(3347): warning C4312: 'type cast': conversion from 'int' to 'unsigned char *' of greater size
..\..\examples\ThirdPartyLibs\stb_image\stb_image.cpp(3375): warning C4312: 'type cast': conversion from 'int' to 'unsigned char *' of greater size
..\..\examples\ThirdPartyLibs\stb_image\stb_image.cpp(3386): warning C4312: 'type cast': conversion from 'int' to 'unsigned char *' of greater size
..\..\examples\ThirdPartyLibs\stb_image\stb_image.cpp(3387): warning C4312: 'type cast': conversion from 'int' to 'unsigned char *' of greater size
..\..\examples\ThirdPartyLibs\stb_image\stb_image.cpp(3401): warning C4312: 'type cast': conversion from 'int' to 'unsigned char *' of greater size
..\..\examples\ThirdPartyLibs\stb_image\stb_image.cpp(3420): warning C4312: 'type cast': conversion from 'int' to 'unsigned char *' of greater size
..\..\examples\ThirdPartyLibs\stb_image\stb_image.cpp(3438): warning C4312: 'type cast': conversion from 'int' to 'unsigned char *' of greater size
..\..\examples\ThirdPartyLibs\stb_image\stb_image.cpp(3449): warning C4312: 'type cast': conversion from 'int' to 'unsigned char *' of greater size
..\..\examples\ThirdPartyLibs\stb_image\stb_image.cpp(3458): warning C4312: 'type cast': conversion from 'int' to 'unsigned char *' of greater size
..\..\examples\ThirdPartyLibs\stb_image\stb_image.cpp(3485): warning C4312: 'type cast': conversion from 'int' to 'unsigned char *' of greater size
..\..\examples\ThirdPartyLibs\stb_image\stb_image.cpp(3486): warning C4312: 'type cast': conversion from 'int' to 'unsigned char *' of greater size
..\..\examples\ThirdPartyLibs\stb_image\stb_image.cpp(3700): warning C4312: 'type cast': conversion from 'int' to 'unsigned char *' of greater size
..\..\examples\ThirdPartyLibs\stb_image\stb_image.cpp(3704): warning C4312: 'type cast': conversion from 'int' to 'unsigned char *' of greater size
..\..\examples\ThirdPartyLibs\stb_image\stb_image.cpp(3709): warning C4312: 'type cast': conversion from 'int' to 'unsigned char *' of greater size
..\..\examples\ThirdPartyLibs\stb_image\stb_image.cpp(3720): warning C4312: 'type cast': conversion from 'int' to 'unsigned char *' of greater size
..\..\examples\ThirdPartyLibs\stb_image\stb_image.cpp(3749): warning C4312: 'type cast': conversion from 'int' to 'unsigned char *' of greater size
..\..\examples\ThirdPartyLibs\stb_image\stb_image.cpp(3756): warning C4312: 'type cast': conversion from 'int' to 'unsigned char *' of greater size
..\..\examples\ThirdPartyLibs\stb_image\stb_image.cpp(3773): warning C4312: 'type cast': conversion from 'int' to 'unsigned char *' of greater size
..\..\examples\ThirdPartyLibs\stb_image\stb_image.cpp(3803): warning C4312: 'type cast': conversion from 'int' to 'unsigned char *' of greater size
..\..\examples\ThirdPartyLibs\stb_image\stb_image.cpp(3836): warning C4312: 'type cast': conversion from 'int' to 'unsigned char *' of greater size
..\..\examples\ThirdPartyLibs\stb_image\stb_image.cpp(3948): warning C4312: 'type cast': conversion from 'int' to 'float *' of greater size
..\..\examples\ThirdPartyLibs\stb_image\stb_image.cpp(3957): warning C4312: 'type cast': conversion from 'int' to 'float *' of greater size
..\..\examples\ThirdPartyLibs\stb_image\stb_image.cpp(3962): warning C4312: 'type cast': conversion from 'int' to 'float *' of greater size
..\..\examples\ThirdPartyLibs\stb_image\stb_image.cpp(3966): warning C4312: 'type cast': conversion from 'int' to 'float *' of greater size
..\..\examples\ThirdPartyLibs\stb_image\stb_image.cpp(4015): warning C4312: 'type cast': conversion from 'int' to 'float *' of greater size
..\..\examples\ThirdPartyLibs\stb_image\stb_image.cpp(4220): warning C4996: 'fopen': This function or variable may be unsafe. Consider using fopen_s instead. To disable deprecation, use _CRT_SECURE_NO_WARNINGS. See online help for details.
  C:\Program Files (x86)\Windows Kits\10\Include\10.0.15063.0\ucrt\stdio.h(207): note: see declaration of 'fopen'
  main_opengl_single_example.cpp
  OpenGLGuiHelper.cpp
  GL_ShapeDrawer.cpp
  CollisionShape2TriangleMesh.cpp
  b3ThreadSupportInterface.cpp
  b3Win32ThreadSupport.cpp
  App_SharedMemoryPhysics_GUI.vcxproj -> C:\Users\User\GitHub\bsc-live-coding-newtoto\Libraries\bullet3-2.86.1\build3\vs2010\..\..\bin\App_SharedMemoryPhysics_GUI_vs2010_x64_debug.exe
  App_SharedMemoryPhysics_GUI.vcxproj -> ..\..\bin\App_SharedMemoryPhysics_GUI_vs2010_x64_debug.pdb (Partial PDB)
