  glew.c
  BasicExample.cpp
  hellovr_opengl_main.cpp
  OpenGLGuiHelper.cpp
  GL_ShapeDrawer.cpp
  CollisionShape2TriangleMesh.cpp
  lodepng.cpp
..\..\examples\StandaloneMain\hellovr_opengl_main.cpp(889): warning C4312: 'type cast': conversion from 'GLuint' to 'void *' of greater size
..\..\examples\StandaloneMain\hellovr_opengl_main.cpp(891): warning C4312: 'type cast': conversion from 'GLuint' to 'void *' of greater size
..\..\examples\StandaloneMain\hellovr_opengl_main.cpp(1427): warning C4312: 'type cast': conversion from 'GLuint' to 'const void *' of greater size
..\..\examples\StandaloneMain\hellovr_opengl_main.cpp(1431): warning C4312: 'type cast': conversion from 'GLuint' to 'const void *' of greater size
  Matrices.cpp
..\..\examples\StandaloneMain\hellovr_opengl_main.cpp(1896): warning C4312: 'type cast': conversion from 'unsigned int' to 'const void *' of greater size
..\..\examples\ThirdPartyLibs\openvr\samples\shared\lodepng.cpp(3426): warning C4334: '<<': result of 32-bit shift implicitly converted to 64 bits (was 64-bit shift intended?)
  pathtools.cpp
  b3Clock.cpp
  ChromeTraceUtil.cpp
..\..\examples\ThirdPartyLibs\openvr\samples\shared\pathtools.cpp(427): warning C4996: 'stricmp': The POSIX name for this item is deprecated. Instead, use the ISO C and C++ conformant name: _stricmp. See online help for details.
  C:\Program Files (x86)\Windows Kits\10\Include\10.0.15063.0\ucrt\string.h(554): note: see declaration of 'stricmp'
..\..\examples\ThirdPartyLibs\openvr\samples\shared\pathtools.cpp(435): warning C4996: 'stricmp': The POSIX name for this item is deprecated. Instead, use the ISO C and C++ conformant name: _stricmp. See online help for details.
  C:\Program Files (x86)\Windows Kits\10\Include\10.0.15063.0\ucrt\string.h(554): note: see declaration of 'stricmp'
hellovr_opengl_main.obj : error LNK2019: unresolved external symbol __imp_VR_GetVRInitErrorAsEnglishDescription referenced in function "public: bool __cdecl CMainApplication::BInit(void)" (?BInit@CMainApplication@@QEAA_NXZ)
hellovr_opengl_main.obj : error LNK2019: unresolved external symbol __imp_VR_GetGenericInterface referenced in function "public: bool __cdecl CMainApplication::BInit(void)" (?BInit@CMainApplication@@QEAA_NXZ)
hellovr_opengl_main.obj : error LNK2019: unresolved external symbol __imp_VR_IsInterfaceVersionValid referenced in function "class vr::IVRSystem * __cdecl vr::VR_Init(enum vr::EVRInitError *,enum vr::EVRApplicationType)" (?VR_Init@vr@@YAPEAVIVRSystem@1@PEAW4EVRInitError@1@W4EVRApplicationType@1@@Z)
hellovr_opengl_main.obj : error LNK2019: unresolved external symbol __imp_VR_GetInitToken referenced in function "public: void __cdecl vr::COpenVRContext::CheckClear(void)" (?CheckClear@COpenVRContext@vr@@QEAAXXZ)
hellovr_opengl_main.obj : error LNK2019: unresolved external symbol __imp_VR_InitInternal referenced in function "class vr::IVRSystem * __cdecl vr::VR_Init(enum vr::EVRInitError *,enum vr::EVRApplicationType)" (?VR_Init@vr@@YAPEAVIVRSystem@1@PEAW4EVRInitError@1@W4EVRApplicationType@1@@Z)
hellovr_opengl_main.obj : error LNK2019: unresolved external symbol __imp_VR_ShutdownInternal referenced in function "class vr::IVRSystem * __cdecl vr::VR_Init(enum vr::EVRInitError *,enum vr::EVRApplicationType)" (?VR_Init@vr@@YAPEAVIVRSystem@1@PEAW4EVRInitError@1@W4EVRApplicationType@1@@Z)
..\..\examples\ThirdPartyLibs\openvr\lib\win32\openvr_api.lib : warning LNK4272: library machine type 'x86' conflicts with target machine type 'x64'
..\..\bin\App_BasicExampleVR_vs2010_x64_debug.exe : fatal error LNK1120: 6 unresolved externals
